<?xml version="1.0" encoding="UTF-8"?>
<!-- Generated by org.testng.reporters.JUnitReportReporter -->
<testsuite skipped="0" hostname="DESKTOP-M42G5V1" name="com.testNg.DataDrivenTestingUsingCSVInSelenium" tests="1" failures="0" timestamp="29 Aug 2021 18:09:02 GMT" time="10.713" errors="0">
  <testcase name="dataRead_CSV" time="10.713" classname="com.testNg.DataDrivenTestingUsingCSVInSelenium"/>
</testsuite> <!-- com.testNg.DataDrivenTestingUsingCSVInSelenium -->
