<?xml version="1.0" encoding="UTF-8"?>
<!-- Generated by org.testng.reporters.JUnitReportReporter -->
<testsuite skipped="0" hostname="DESKTOP-M42G5V1" name="com.testNg.NewTest" tests="1" failures="0" timestamp="26 Sep 2021 15:45:45 GMT" time="0.020" errors="0">
  <testcase name="f" time="0.020" classname="com.testNg.NewTest"/>
</testsuite> <!-- com.testNg.NewTest -->
