<?xml version="1.0" encoding="UTF-8"?>
<!-- Generated by org.testng.reporters.JUnitReportReporter -->
<testsuite skipped="0" hostname="DESKTOP-M42G5V1" name="com.testNg.TestNg" tests="1" failures="0" timestamp="12 Mar 2022 15:35:20 GMT" time="3.171" errors="0">
  <testcase name="facebook" time="3.171" classname="com.testNg.TestNg"/>
</testsuite> <!-- com.testNg.TestNg -->
