<?xml version="1.0" encoding="UTF-8"?>
<!-- Generated by org.testng.reporters.JUnitReportReporter -->
<testsuite skipped="0" hostname="DESKTOP-M42G5V1" name="com.testNg.TestNg" tests="3" failures="0" timestamp="09 Mar 2022 10:49:33 GMT" time="10.188" errors="0">
  <testcase name="adactin" time="3.140" classname="com.testNg.TestNg"/>
  <testcase name="google" time="4.458" classname="com.testNg.TestNg"/>
  <testcase name="facebook" time="2.590" classname="com.testNg.TestNg"/>
</testsuite> <!-- com.testNg.TestNg -->
